<?xml version="1.0" encoding="UTF-8"?>
<testsuite name="com.bitwiseglobal.postfix.MainTest" tests="1" skipped="0" failures="0" errors="0" timestamp="2016-03-08T16:51:03" hostname="Victor" time="0.143">
  <properties/>
  <testcase name="itShouldBeAbleToEvaluateThePostfixExpression" classname="com.bitwiseglobal.postfix.MainTest" time="0.143"/>
  <system-out><![CDATA[enter into function
]]></system-out>
  <system-err><![CDATA[]]></system-err>
</testsuite>
