<?xml version="1.0" encoding="UTF-8"?>
<testsuite name="com.bitwiseglobal.strategy.ArithmeticStrategyTest" tests="7" skipped="0" failures="0" errors="0" timestamp="2016-03-02T06:32:31" hostname="HRPRDS" time="0.002">
  <properties/>
  <testcase name="itShouldReturnCorrectSubtractionResult" classname="com.bitwiseglobal.strategy.ArithmeticStrategyTest" time="0.0"/>
  <testcase name="itShouldReturnCorrectModulusResult" classname="com.bitwiseglobal.strategy.ArithmeticStrategyTest" time="0.0"/>
  <testcase name="itShouldReturnCorrectMultiplicationResult" classname="com.bitwiseglobal.strategy.ArithmeticStrategyTest" time="0.0"/>
  <testcase name="itShouldReturnCorrectPowerResult" classname="com.bitwiseglobal.strategy.ArithmeticStrategyTest" time="0.0"/>
  <testcase name="itShouldReturnCorrectDivisionResult" classname="com.bitwiseglobal.strategy.ArithmeticStrategyTest" time="0.0"/>
  <testcase name="itShouldReturnCorrectAdditionResult" classname="com.bitwiseglobal.strategy.ArithmeticStrategyTest" time="0.0"/>
  <testcase name="itMustCallAndEvaluateUsingCorrectStrategy" classname="com.bitwiseglobal.strategy.ArithmeticStrategyTest" time="0.0"/>
  <system-out><![CDATA[]]></system-out>
  <system-err><![CDATA[]]></system-err>
</testsuite>
