<?xml version="1.0" encoding="UTF-8"?>
<testsuite name="com.bitwiseglobal.postfix.MainTest" tests="1" skipped="0" failures="0" errors="0" timestamp="2016-03-02T06:32:31" hostname="HRPRDS" time="0.075">
  <properties/>
  <testcase name="itShouldBeAbleToEvaluateThePostfixExpression" classname="com.bitwiseglobal.postfix.MainTest" time="0.075"/>
  <system-out><![CDATA[enter into function
]]></system-out>
  <system-err><![CDATA[]]></system-err>
</testsuite>
