<?xml version="1.0" encoding="UTF-8"?>
<testsuite name="com.bitwiseglobal.postfix.PostfixEvaluationTest" tests="1" skipped="0" failures="0" errors="0" timestamp="2016-03-02T06:32:31" hostname="HRPRDS" time="0.001">
  <properties/>
  <testcase name="itshouldEvaluateTheValidPostfixExpression" classname="com.bitwiseglobal.postfix.PostfixEvaluationTest" time="0.001"/>
  <system-out><![CDATA[]]></system-out>
  <system-err><![CDATA[]]></system-err>
</testsuite>
